2026-01-18 02:41:44 - bitcoin_governance_analysis - INFO - bcap_state_of_mind.py:77 - ============================================================
2026-01-18 02:41:44 - bitcoin_governance_analysis - INFO - bcap_state_of_mind.py:78 - BCAP State of Mind Analysis
2026-01-18 02:41:44 - bitcoin_governance_analysis - INFO - bcap_state_of_mind.py:79 - ============================================================
2026-01-18 02:41:44 - bitcoin_governance_analysis - WARNING - bcap_state_of_mind.py:498 - PR data not found: /home/acolyte/src/BitcoinCommons/commons-research/publication-package/data/processed/cleaned_prs.jsonl
2026-01-18 02:41:45 - bitcoin_governance_analysis - INFO - bcap_state_of_mind.py:520 - Loaded 8890 issues
2026-01-18 02:41:45 - bitcoin_governance_analysis - INFO - bcap_state_of_mind.py:89 - Identified 0 SegWit PRs and 0 SegWit issues
2026-01-18 02:41:45 - bitcoin_governance_analysis - INFO - bcap_state_of_mind.py:90 - Identified 0 Taproot PRs and 0 Taproot issues
2026-01-18 02:41:45 - bitcoin_governance_analysis - INFO - bcap_state_of_mind.py:196 - Analyzing SOM for segwit...
2026-01-18 02:41:45 - bitcoin_governance_analysis - INFO - bcap_state_of_mind.py:196 - Analyzing SOM for taproot...
2026-01-18 02:41:45 - bitcoin_governance_analysis - INFO - bcap_state_of_mind.py:394 - Tracking SOM shifts...
2026-01-18 02:41:45 - bitcoin_governance_analysis - INFO - bcap_state_of_mind.py:530 - Saved results to /home/acolyte/src/BitcoinCommons/commons-research/publication-package/analysis/findings/data/bcap_som_analysis.json
2026-01-18 02:41:45 - bitcoin_governance_analysis - INFO - bcap_state_of_mind.py:115 - SOM analysis complete
2026-01-18 02:41:58 - bitcoin_governance_analysis - INFO - bcap_state_of_mind.py:77 - ============================================================
2026-01-18 02:41:58 - bitcoin_governance_analysis - INFO - bcap_state_of_mind.py:78 - BCAP State of Mind Analysis
2026-01-18 02:41:58 - bitcoin_governance_analysis - INFO - bcap_state_of_mind.py:79 - ============================================================
2026-01-18 02:41:58 - bitcoin_governance_analysis - WARNING - bcap_state_of_mind.py:502 - PR data not found: /home/acolyte/src/BitcoinCommons/commons-research/publication-package/data/github/prs_raw.jsonl
2026-01-18 02:41:58 - bitcoin_governance_analysis - INFO - bcap_state_of_mind.py:524 - Loaded 8890 issues
2026-01-18 02:41:58 - bitcoin_governance_analysis - INFO - bcap_state_of_mind.py:89 - Identified 0 SegWit PRs and 0 SegWit issues
2026-01-18 02:41:58 - bitcoin_governance_analysis - INFO - bcap_state_of_mind.py:90 - Identified 0 Taproot PRs and 0 Taproot issues
2026-01-18 02:41:58 - bitcoin_governance_analysis - INFO - bcap_state_of_mind.py:196 - Analyzing SOM for segwit...
2026-01-18 02:41:58 - bitcoin_governance_analysis - INFO - bcap_state_of_mind.py:196 - Analyzing SOM for taproot...
2026-01-18 02:41:58 - bitcoin_governance_analysis - INFO - bcap_state_of_mind.py:394 - Tracking SOM shifts...
2026-01-18 02:41:58 - bitcoin_governance_analysis - INFO - bcap_state_of_mind.py:534 - Saved results to /home/acolyte/src/BitcoinCommons/commons-research/publication-package/analysis/findings/data/bcap_som_analysis.json
2026-01-18 02:41:58 - bitcoin_governance_analysis - INFO - bcap_state_of_mind.py:115 - SOM analysis complete
2026-01-18 02:42:17 - bitcoin_governance_analysis - INFO - bcap_state_of_mind.py:77 - ============================================================
2026-01-18 02:42:17 - bitcoin_governance_analysis - INFO - bcap_state_of_mind.py:78 - BCAP State of Mind Analysis
2026-01-18 02:42:17 - bitcoin_governance_analysis - INFO - bcap_state_of_mind.py:79 - ============================================================
2026-01-18 02:42:18 - bitcoin_governance_analysis - INFO - bcap_state_of_mind.py:518 - Loaded 23615 PRs from /home/acolyte/src/BitcoinCommons/commons-research/data/github/prs_raw.jsonl
2026-01-18 02:42:19 - bitcoin_governance_analysis - INFO - bcap_state_of_mind.py:534 - Loaded 8890 issues
2026-01-18 02:42:19 - bitcoin_governance_analysis - INFO - bcap_state_of_mind.py:89 - Identified 0 SegWit PRs and 0 SegWit issues
2026-01-18 02:42:19 - bitcoin_governance_analysis - INFO - bcap_state_of_mind.py:90 - Identified 0 Taproot PRs and 0 Taproot issues
2026-01-18 02:42:19 - bitcoin_governance_analysis - INFO - bcap_state_of_mind.py:196 - Analyzing SOM for segwit...
2026-01-18 02:42:19 - bitcoin_governance_analysis - INFO - bcap_state_of_mind.py:196 - Analyzing SOM for taproot...
2026-01-18 02:42:19 - bitcoin_governance_analysis - INFO - bcap_state_of_mind.py:394 - Tracking SOM shifts...
2026-01-18 02:42:19 - bitcoin_governance_analysis - INFO - bcap_state_of_mind.py:544 - Saved results to /home/acolyte/src/BitcoinCommons/commons-research/publication-package/analysis/findings/data/bcap_som_analysis.json
2026-01-18 02:42:19 - bitcoin_governance_analysis - INFO - bcap_state_of_mind.py:115 - SOM analysis complete
2026-01-18 02:43:01 - bitcoin_governance_analysis - INFO - bcap_state_of_mind.py:77 - ============================================================
2026-01-18 02:43:01 - bitcoin_governance_analysis - INFO - bcap_state_of_mind.py:78 - BCAP State of Mind Analysis
2026-01-18 02:43:01 - bitcoin_governance_analysis - INFO - bcap_state_of_mind.py:79 - ============================================================
2026-01-18 02:43:02 - bitcoin_governance_analysis - INFO - bcap_state_of_mind.py:518 - Loaded 23615 PRs from /home/acolyte/src/BitcoinCommons/commons-research/data/github/prs_raw.jsonl
2026-01-18 02:43:03 - bitcoin_governance_analysis - INFO - bcap_state_of_mind.py:534 - Loaded 8890 issues
2026-01-18 02:43:03 - bitcoin_governance_analysis - INFO - bcap_state_of_mind.py:89 - Identified 0 SegWit PRs and 0 SegWit issues
2026-01-18 02:43:03 - bitcoin_governance_analysis - INFO - bcap_state_of_mind.py:90 - Identified 0 Taproot PRs and 0 Taproot issues
2026-01-18 02:43:03 - bitcoin_governance_analysis - INFO - bcap_state_of_mind.py:196 - Analyzing SOM for segwit...
2026-01-18 02:43:03 - bitcoin_governance_analysis - INFO - bcap_state_of_mind.py:196 - Analyzing SOM for taproot...
2026-01-18 02:43:03 - bitcoin_governance_analysis - INFO - bcap_state_of_mind.py:394 - Tracking SOM shifts...
2026-01-18 02:43:03 - bitcoin_governance_analysis - INFO - bcap_state_of_mind.py:544 - Saved results to /home/acolyte/src/BitcoinCommons/commons-research/publication-package/analysis/findings/data/bcap_som_analysis.json
2026-01-18 02:43:03 - bitcoin_governance_analysis - INFO - bcap_state_of_mind.py:115 - SOM analysis complete
2026-01-18 02:43:26 - bitcoin_governance_analysis - INFO - bcap_state_of_mind.py:77 - ============================================================
2026-01-18 02:43:26 - bitcoin_governance_analysis - INFO - bcap_state_of_mind.py:78 - BCAP State of Mind Analysis
2026-01-18 02:43:26 - bitcoin_governance_analysis - INFO - bcap_state_of_mind.py:79 - ============================================================
2026-01-18 02:43:27 - bitcoin_governance_analysis - INFO - bcap_state_of_mind.py:520 - Loaded 23615 PRs from /home/acolyte/src/BitcoinCommons/commons-research/data/github/prs_raw.jsonl
2026-01-18 02:43:27 - bitcoin_governance_analysis - INFO - bcap_state_of_mind.py:536 - Loaded 8890 issues
2026-01-18 02:43:28 - bitcoin_governance_analysis - INFO - bcap_state_of_mind.py:89 - Identified 124 SegWit PRs and 36 SegWit issues
2026-01-18 02:43:28 - bitcoin_governance_analysis - INFO - bcap_state_of_mind.py:90 - Identified 62 Taproot PRs and 17 Taproot issues
2026-01-18 02:43:28 - bitcoin_governance_analysis - INFO - bcap_state_of_mind.py:197 - Analyzing SOM for segwit...
2026-01-18 02:43:28 - bitcoin_governance_analysis - INFO - bcap_state_of_mind.py:197 - Analyzing SOM for taproot...
2026-01-18 02:43:28 - bitcoin_governance_analysis - INFO - bcap_state_of_mind.py:396 - Tracking SOM shifts...
2026-01-18 02:43:28 - bitcoin_governance_analysis - INFO - bcap_state_of_mind.py:546 - Saved results to /home/acolyte/src/BitcoinCommons/commons-research/publication-package/analysis/findings/data/bcap_som_analysis.json
2026-01-18 02:43:28 - bitcoin_governance_analysis - INFO - bcap_state_of_mind.py:115 - SOM analysis complete
2026-01-18 02:43:31 - bitcoin_governance_analysis - INFO - bcap_power_shift.py:84 - ============================================================
2026-01-18 02:43:31 - bitcoin_governance_analysis - INFO - bcap_power_shift.py:85 - BCAP Power Shift Analysis
2026-01-18 02:43:31 - bitcoin_governance_analysis - INFO - bcap_power_shift.py:86 - ============================================================
2026-01-18 02:43:33 - bitcoin_governance_analysis - INFO - bcap_power_shift.py:404 - Loaded 23615 PRs from /home/acolyte/src/BitcoinCommons/commons-research/data/github/prs_raw.jsonl
2026-01-18 02:43:33 - bitcoin_governance_analysis - INFO - bcap_power_shift.py:122 - Analyzing power shifts for segwit...
2026-01-18 02:43:33 - bitcoin_governance_analysis - INFO - bcap_power_shift.py:122 - Analyzing power shifts for taproot...
2026-01-18 02:43:33 - bitcoin_governance_analysis - INFO - bcap_power_shift.py:296 - Comparing with baseline periods...
2026-01-18 02:43:33 - bitcoin_governance_analysis - INFO - bcap_power_shift.py:414 - Saved results to /home/acolyte/src/BitcoinCommons/commons-research/publication-package/analysis/findings/data/bcap_power_shift.json
2026-01-18 02:43:33 - bitcoin_governance_analysis - INFO - bcap_power_shift.py:114 - Power shift analysis complete
2026-01-18 02:58:06 - bitcoin_governance_analysis - INFO - bip_process_analysis.py:53 - ============================================================
2026-01-18 02:58:06 - bitcoin_governance_analysis - INFO - bip_process_analysis.py:54 - BIP Process Analysis
2026-01-18 02:58:06 - bitcoin_governance_analysis - INFO - bip_process_analysis.py:55 - ============================================================
2026-01-18 02:58:06 - bitcoin_governance_analysis - WARNING - bip_process_analysis.py:143 - Core PRs file not found: /home/acolyte/src/BitcoinCommons/commons-research/publication-package/data/github/prs_raw.jsonl
2026-01-18 02:58:06 - bitcoin_governance_analysis - INFO - bip_process_analysis.py:63 - Loaded 189 BIPs, 1857 BIP PRs, 1847 BIP issues
2026-01-18 02:58:06 - bitcoin_governance_analysis - INFO - bip_process_analysis.py:183 - Analyzing BIP proposers...
2026-01-18 02:58:06 - bitcoin_governance_analysis - INFO - bip_process_analysis.py:246 - Analyzing BIP champions...
2026-01-18 02:58:06 - bitcoin_governance_analysis - INFO - bip_process_analysis.py:288 - Analyzing BIP opposition...
2026-01-18 02:58:06 - bitcoin_governance_analysis - INFO - bip_process_analysis.py:313 - Analyzing BIP-to-Core implementation pipeline...
2026-01-18 02:58:06 - bitcoin_governance_analysis - INFO - bip_process_analysis.py:348 - Comparing BIP repository vs Core repository...
2026-01-18 02:58:06 - bitcoin_governance_analysis - INFO - bip_process_analysis.py:430 - Results saved to /home/acolyte/src/BitcoinCommons/commons-research/publication-package/analysis/findings/data/bip_analysis.json
2026-01-18 02:58:06 - bitcoin_governance_analysis - INFO - bip_process_analysis.py:95 - BIP process analysis complete
2026-01-18 02:58:26 - bitcoin_governance_analysis - INFO - bip_process_analysis.py:53 - ============================================================
2026-01-18 02:58:26 - bitcoin_governance_analysis - INFO - bip_process_analysis.py:54 - BIP Process Analysis
2026-01-18 02:58:26 - bitcoin_governance_analysis - INFO - bip_process_analysis.py:55 - ============================================================
2026-01-18 02:58:26 - bitcoin_governance_analysis - WARNING - bip_process_analysis.py:149 - Core PRs file not found: /home/acolyte/src/BitcoinCommons/commons-research/publication-package/data/github/prs_raw.jsonl
2026-01-18 02:58:26 - bitcoin_governance_analysis - INFO - bip_process_analysis.py:63 - Loaded 189 BIPs, 1857 BIP PRs, 1847 BIP issues
2026-01-18 02:58:26 - bitcoin_governance_analysis - INFO - bip_process_analysis.py:189 - Analyzing BIP proposers...
2026-01-18 02:58:26 - bitcoin_governance_analysis - INFO - bip_process_analysis.py:252 - Analyzing BIP champions...
2026-01-18 02:58:26 - bitcoin_governance_analysis - INFO - bip_process_analysis.py:294 - Analyzing BIP opposition...
2026-01-18 02:58:26 - bitcoin_governance_analysis - INFO - bip_process_analysis.py:319 - Analyzing BIP-to-Core implementation pipeline...
2026-01-18 02:58:26 - bitcoin_governance_analysis - INFO - bip_process_analysis.py:354 - Comparing BIP repository vs Core repository...
2026-01-18 02:58:26 - bitcoin_governance_analysis - INFO - bip_process_analysis.py:436 - Results saved to /home/acolyte/src/BitcoinCommons/commons-research/publication-package/analysis/findings/data/bip_analysis.json
2026-01-18 02:58:26 - bitcoin_governance_analysis - INFO - bip_process_analysis.py:95 - BIP process analysis complete
2026-01-18 03:00:37 - bitcoin_governance_analysis - INFO - release_signing_analysis.py:43 - ============================================================
2026-01-18 03:00:37 - bitcoin_governance_analysis - INFO - release_signing_analysis.py:44 - Release Signing Analysis
2026-01-18 03:00:37 - bitcoin_governance_analysis - INFO - release_signing_analysis.py:45 - ============================================================
2026-01-18 03:00:37 - bitcoin_governance_analysis - INFO - release_signing_analysis.py:97 - Loaded 339 release records
2026-01-18 03:00:37 - bitcoin_governance_analysis - INFO - release_signing_analysis.py:370 - Results saved to /home/acolyte/src/BitcoinCommons/commons-research/publication-package/analysis/findings/data/release_signing.json
2026-01-18 03:00:37 - bitcoin_governance_analysis - INFO - release_signing_analysis.py:379 - Release Signing Analysis Summary:
2026-01-18 03:00:37 - bitcoin_governance_analysis - INFO - release_signing_analysis.py:380 -   Total releases: 339
2026-01-18 03:00:37 - bitcoin_governance_analysis - INFO - release_signing_analysis.py:381 -   Signed releases: 286 (84.4%)
2026-01-18 03:00:37 - bitcoin_governance_analysis - INFO - release_signing_analysis.py:382 -   Unique signers: 9
2026-01-18 03:00:37 - bitcoin_governance_analysis - INFO - release_signing_analysis.py:383 -   Gini coefficient: 0.545
2026-01-18 03:00:37 - bitcoin_governance_analysis - INFO - release_signing_analysis.py:384 -   Top 5 signers share: 92.0%
2026-01-18 03:00:37 - bitcoin_governance_analysis - INFO - release_signing_analysis.py:80 - Release signing analysis complete
2026-01-18 03:03:52 - bitcoin_governance_analysis - INFO - informal_sentiment_analysis.py:71 - ============================================================
2026-01-18 03:03:52 - bitcoin_governance_analysis - INFO - informal_sentiment_analysis.py:72 - IRC/Email Sentiment Analysis
2026-01-18 03:03:52 - bitcoin_governance_analysis - INFO - informal_sentiment_analysis.py:73 - ============================================================
2026-01-18 03:03:52 - bitcoin_governance_analysis - WARNING - informal_sentiment_analysis.py:120 - IRC messages file not found: /home/acolyte/src/BitcoinCommons/commons-research/publication-package/data/irc/messages.jsonl
2026-01-18 03:03:52 - bitcoin_governance_analysis - WARNING - informal_sentiment_analysis.py:140 - Email file not found: /home/acolyte/src/BitcoinCommons/commons-research/publication-package/data/mailing_lists/emails.jsonl
2026-01-18 03:03:52 - bitcoin_governance_analysis - WARNING - informal_sentiment_analysis.py:165 - Core PRs file not found: /home/acolyte/src/BitcoinCommons/commons-research/publication-package/data/github/prs_raw.jsonl
2026-01-18 03:03:52 - bitcoin_governance_analysis - INFO - informal_sentiment_analysis.py:80 - Loaded 0 IRC messages, 0 emails
2026-01-18 03:03:52 - bitcoin_governance_analysis - INFO - informal_sentiment_analysis.py:184 - Analyzing irc sentiment...
2026-01-18 03:03:52 - bitcoin_governance_analysis - INFO - informal_sentiment_analysis.py:184 - Analyzing email sentiment...
2026-01-18 03:03:52 - bitcoin_governance_analysis - INFO - informal_sentiment_analysis.py:253 - Analyzing irc SOM...
2026-01-18 03:03:52 - bitcoin_governance_analysis - INFO - informal_sentiment_analysis.py:253 - Analyzing email SOM...
2026-01-18 03:03:52 - bitcoin_governance_analysis - INFO - informal_sentiment_analysis.py:305 - Analyzing irc influence network...
2026-01-18 03:03:52 - bitcoin_governance_analysis - INFO - informal_sentiment_analysis.py:305 - Analyzing email influence network...
2026-01-18 03:03:52 - bitcoin_governance_analysis - INFO - informal_sentiment_analysis.py:367 - Analyzing PR correlation...
2026-01-18 03:03:52 - bitcoin_governance_analysis - INFO - informal_sentiment_analysis.py:512 - Results saved to /home/acolyte/src/BitcoinCommons/commons-research/publication-package/analysis/findings/data/informal_sentiment.json
2026-01-18 03:03:52 - bitcoin_governance_analysis - INFO - informal_sentiment_analysis.py:114 - Informal sentiment analysis complete
2026-01-18 03:04:01 - bitcoin_governance_analysis - INFO - informal_sentiment_analysis.py:71 - ============================================================
2026-01-18 03:04:01 - bitcoin_governance_analysis - INFO - informal_sentiment_analysis.py:72 - IRC/Email Sentiment Analysis
2026-01-18 03:04:01 - bitcoin_governance_analysis - INFO - informal_sentiment_analysis.py:73 - ============================================================
2026-01-18 03:04:01 - bitcoin_governance_analysis - WARNING - informal_sentiment_analysis.py:125 - IRC messages file not found: /home/acolyte/src/BitcoinCommons/commons-research/publication-package/data/irc/messages.jsonl
2026-01-18 03:04:01 - bitcoin_governance_analysis - WARNING - informal_sentiment_analysis.py:150 - Email file not found: /home/acolyte/src/BitcoinCommons/commons-research/publication-package/data/mailing_lists/emails.jsonl
2026-01-18 03:04:01 - bitcoin_governance_analysis - WARNING - informal_sentiment_analysis.py:175 - Core PRs file not found: /home/acolyte/src/BitcoinCommons/commons-research/publication-package/data/github/prs_raw.jsonl
2026-01-18 03:04:01 - bitcoin_governance_analysis - INFO - informal_sentiment_analysis.py:80 - Loaded 0 IRC messages, 0 emails
2026-01-18 03:04:01 - bitcoin_governance_analysis - INFO - informal_sentiment_analysis.py:194 - Analyzing irc sentiment...
2026-01-18 03:04:01 - bitcoin_governance_analysis - INFO - informal_sentiment_analysis.py:194 - Analyzing email sentiment...
2026-01-18 03:04:01 - bitcoin_governance_analysis - INFO - informal_sentiment_analysis.py:263 - Analyzing irc SOM...
2026-01-18 03:04:01 - bitcoin_governance_analysis - INFO - informal_sentiment_analysis.py:263 - Analyzing email SOM...
2026-01-18 03:04:01 - bitcoin_governance_analysis - INFO - informal_sentiment_analysis.py:315 - Analyzing irc influence network...
2026-01-18 03:04:01 - bitcoin_governance_analysis - INFO - informal_sentiment_analysis.py:315 - Analyzing email influence network...
2026-01-18 03:04:01 - bitcoin_governance_analysis - INFO - informal_sentiment_analysis.py:377 - Analyzing PR correlation...
2026-01-18 03:04:01 - bitcoin_governance_analysis - INFO - informal_sentiment_analysis.py:522 - Results saved to /home/acolyte/src/BitcoinCommons/commons-research/publication-package/analysis/findings/data/informal_sentiment.json
2026-01-18 03:04:01 - bitcoin_governance_analysis - INFO - informal_sentiment_analysis.py:114 - Informal sentiment analysis complete
2026-01-18 03:04:15 - bitcoin_governance_analysis - INFO - informal_sentiment_analysis.py:71 - ============================================================
2026-01-18 03:04:15 - bitcoin_governance_analysis - INFO - informal_sentiment_analysis.py:72 - IRC/Email Sentiment Analysis
2026-01-18 03:04:15 - bitcoin_governance_analysis - INFO - informal_sentiment_analysis.py:73 - ============================================================
2026-01-18 03:04:16 - bitcoin_governance_analysis - INFO - informal_sentiment_analysis.py:135 - Loaded 50000 IRC messages...
2026-01-18 03:04:16 - bitcoin_governance_analysis - INFO - informal_sentiment_analysis.py:135 - Loaded 100000 IRC messages...
2026-01-18 03:04:16 - bitcoin_governance_analysis - INFO - informal_sentiment_analysis.py:135 - Loaded 150000 IRC messages...
2026-01-18 03:04:16 - bitcoin_governance_analysis - INFO - informal_sentiment_analysis.py:135 - Loaded 200000 IRC messages...
2026-01-18 03:04:16 - bitcoin_governance_analysis - INFO - informal_sentiment_analysis.py:135 - Loaded 250000 IRC messages...
2026-01-18 03:04:16 - bitcoin_governance_analysis - INFO - informal_sentiment_analysis.py:135 - Loaded 300000 IRC messages...
2026-01-18 03:04:16 - bitcoin_governance_analysis - INFO - informal_sentiment_analysis.py:135 - Loaded 350000 IRC messages...
2026-01-18 03:04:17 - bitcoin_governance_analysis - INFO - informal_sentiment_analysis.py:135 - Loaded 400000 IRC messages...
2026-01-18 03:04:17 - bitcoin_governance_analysis - INFO - informal_sentiment_analysis.py:159 - Loaded 5000 emails...
2026-01-18 03:04:17 - bitcoin_governance_analysis - INFO - informal_sentiment_analysis.py:159 - Loaded 10000 emails...
2026-01-18 03:04:17 - bitcoin_governance_analysis - INFO - informal_sentiment_analysis.py:159 - Loaded 15000 emails...
2026-01-18 03:04:17 - bitcoin_governance_analysis - WARNING - informal_sentiment_analysis.py:175 - Core PRs file not found: /home/acolyte/src/BitcoinCommons/commons-research/publication-package/data/github/prs_raw.jsonl
2026-01-18 03:04:17 - bitcoin_governance_analysis - INFO - informal_sentiment_analysis.py:80 - Loaded 441931 IRC messages, 19908 emails
2026-01-18 03:04:17 - bitcoin_governance_analysis - INFO - informal_sentiment_analysis.py:194 - Analyzing irc sentiment...
2026-01-18 03:04:19 - bitcoin_governance_analysis - INFO - informal_sentiment_analysis.py:194 - Analyzing email sentiment...
2026-01-18 03:04:20 - bitcoin_governance_analysis - INFO - informal_sentiment_analysis.py:263 - Analyzing irc SOM...
2026-01-18 03:04:23 - bitcoin_governance_analysis - INFO - informal_sentiment_analysis.py:263 - Analyzing email SOM...
2026-01-18 03:04:24 - bitcoin_governance_analysis - INFO - informal_sentiment_analysis.py:315 - Analyzing irc influence network...
2026-01-18 03:04:25 - bitcoin_governance_analysis - INFO - informal_sentiment_analysis.py:315 - Analyzing email influence network...
2026-01-18 03:04:25 - bitcoin_governance_analysis - INFO - informal_sentiment_analysis.py:377 - Analyzing PR correlation...
2026-01-18 03:04:27 - bitcoin_governance_analysis - INFO - informal_sentiment_analysis.py:522 - Results saved to /home/acolyte/src/BitcoinCommons/commons-research/publication-package/analysis/findings/data/informal_sentiment.json
2026-01-18 03:04:27 - bitcoin_governance_analysis - INFO - informal_sentiment_analysis.py:114 - Informal sentiment analysis complete
2026-01-18 03:06:41 - bitcoin_governance_analysis - INFO - cross_platform_networks.py:69 - ============================================================
2026-01-18 03:06:41 - bitcoin_governance_analysis - INFO - cross_platform_networks.py:70 - Cross-Platform Influence Networks Analysis
2026-01-18 03:06:41 - bitcoin_governance_analysis - INFO - cross_platform_networks.py:71 - ============================================================
2026-01-18 03:06:45 - bitcoin_governance_analysis - INFO - cross_platform_networks.py:78 - Loaded 23615 GitHub PRs, 441931 IRC messages, 19908 emails
2026-01-18 03:06:45 - bitcoin_governance_analysis - INFO - cross_platform_networks.py:179 - Building GitHub network...
2026-01-18 03:06:45 - bitcoin_governance_analysis - INFO - cross_platform_networks.py:202 - Building IRC network...
2026-01-18 03:06:45 - bitcoin_governance_analysis - INFO - cross_platform_networks.py:222 - Building email network...
2026-01-18 03:06:45 - bitcoin_governance_analysis - INFO - cross_platform_networks.py:247 - Resolving identities across platforms...
2026-01-18 03:06:45 - bitcoin_governance_analysis - INFO - cross_platform_networks.py:304 - Building cross-platform network...
2026-01-18 03:06:45 - bitcoin_governance_analysis - INFO - cross_platform_networks.py:325 - Analyzing influence flow...
2026-01-18 03:06:47 - bitcoin_governance_analysis - INFO - cross_platform_networks.py:401 - Identifying hidden influencers...
2026-01-18 03:06:47 - bitcoin_governance_analysis - INFO - cross_platform_networks.py:479 - Results saved to /home/acolyte/src/BitcoinCommons/commons-research/publication-package/analysis/findings/data/cross_platform_networks.json
2026-01-18 03:06:47 - bitcoin_governance_analysis - INFO - cross_platform_networks.py:118 - Cross-platform network analysis complete
2026-01-18 03:07:25 - bitcoin_governance_analysis - INFO - contributor_exit_analysis.py:66 - ============================================================
2026-01-18 03:07:25 - bitcoin_governance_analysis - INFO - contributor_exit_analysis.py:67 - Contributor Exit Analysis
2026-01-18 03:07:25 - bitcoin_governance_analysis - INFO - contributor_exit_analysis.py:68 - ============================================================
2026-01-18 03:07:25 - bitcoin_governance_analysis - WARNING - contributor_exit_analysis.py:117 - Contributor timeline not found: /home/acolyte/src/BitcoinCommons/commons-research/publication-package/analysis/findings/data/contributor_timeline_analysis.json
2026-01-18 03:07:27 - bitcoin_governance_analysis - INFO - contributor_exit_analysis.py:74 - Loaded timeline for 0 contributors
2026-01-18 03:07:27 - bitcoin_governance_analysis - INFO - contributor_exit_analysis.py:144 - Identifying contributor exits...
2026-01-18 03:07:27 - bitcoin_governance_analysis - INFO - contributor_exit_analysis.py:207 - Analyzing governance event correlation...
2026-01-18 03:07:27 - bitcoin_governance_analysis - INFO - contributor_exit_analysis.py:243 - Analyzing conflict correlation...
2026-01-18 03:07:27 - bitcoin_governance_analysis - INFO - contributor_exit_analysis.py:304 - Analyzing retention patterns...
2026-01-18 03:07:27 - bitcoin_governance_analysis - INFO - contributor_exit_analysis.py:342 - Analyzing exit impact...
2026-01-18 03:07:27 - bitcoin_governance_analysis - INFO - contributor_exit_analysis.py:390 - Results saved to /home/acolyte/src/BitcoinCommons/commons-research/publication-package/analysis/findings/data/contributor_exit.json
2026-01-18 03:07:27 - bitcoin_governance_analysis - INFO - contributor_exit_analysis.py:106 - Contributor exit analysis complete
2026-01-18 03:07:35 - bitcoin_governance_analysis - INFO - contributor_exit_analysis.py:66 - ============================================================
2026-01-18 03:07:35 - bitcoin_governance_analysis - INFO - contributor_exit_analysis.py:67 - Contributor Exit Analysis
2026-01-18 03:07:35 - bitcoin_governance_analysis - INFO - contributor_exit_analysis.py:68 - ============================================================
2026-01-18 03:07:37 - bitcoin_governance_analysis - INFO - contributor_exit_analysis.py:74 - Loaded timeline for 132 contributors
2026-01-18 03:07:37 - bitcoin_governance_analysis - INFO - contributor_exit_analysis.py:149 - Identifying contributor exits...
2026-01-18 03:07:37 - bitcoin_governance_analysis - INFO - contributor_exit_analysis.py:212 - Analyzing governance event correlation...
2026-01-18 03:07:37 - bitcoin_governance_analysis - INFO - contributor_exit_analysis.py:248 - Analyzing conflict correlation...
2026-01-18 03:07:37 - bitcoin_governance_analysis - INFO - contributor_exit_analysis.py:309 - Analyzing retention patterns...
2026-01-18 03:07:37 - bitcoin_governance_analysis - INFO - contributor_exit_analysis.py:347 - Analyzing exit impact...
2026-01-18 03:07:37 - bitcoin_governance_analysis - INFO - contributor_exit_analysis.py:395 - Results saved to /home/acolyte/src/BitcoinCommons/commons-research/publication-package/analysis/findings/data/contributor_exit.json
2026-01-18 03:07:37 - bitcoin_governance_analysis - INFO - contributor_exit_analysis.py:106 - Contributor exit analysis complete
2026-01-18 03:08:16 - bitcoin_governance_analysis - INFO - cross_repo_comparison.py:52 - ============================================================
2026-01-18 03:08:16 - bitcoin_governance_analysis - INFO - cross_repo_comparison.py:53 - Cross-Repository Comparison Analysis
2026-01-18 03:08:16 - bitcoin_governance_analysis - INFO - cross_repo_comparison.py:54 - ============================================================
2026-01-18 03:08:18 - bitcoin_governance_analysis - INFO - cross_repo_comparison.py:61 - Loaded 23615 Core PRs, 1857 BIP PRs, 189 BIPs
2026-01-18 03:08:18 - bitcoin_governance_analysis - INFO - cross_repo_comparison.py:150 - Analyzing actor overlap...
2026-01-18 03:08:18 - bitcoin_governance_analysis - INFO - cross_repo_comparison.py:182 - Comparing governance patterns...
2026-01-18 03:08:18 - bitcoin_governance_analysis - INFO - cross_repo_comparison.py:229 - Analyzing power portability...
2026-01-18 03:08:18 - bitcoin_governance_analysis - INFO - cross_repo_comparison.py:280 - Comparing processes...
2026-01-18 03:08:18 - bitcoin_governance_analysis - INFO - cross_repo_comparison.py:317 - Analyzing governance transfer...
2026-01-18 03:08:18 - bitcoin_governance_analysis - INFO - cross_repo_comparison.py:380 - Results saved to /home/acolyte/src/BitcoinCommons/commons-research/publication-package/analysis/findings/data/cross_repo_comparison.json
2026-01-18 03:08:18 - bitcoin_governance_analysis - INFO - cross_repo_comparison.py:93 - Cross-repository comparison analysis complete
2026-01-18 03:16:22 - bitcoin_governance_analysis - INFO - bip_process_analysis.py:53 - ============================================================
2026-01-18 03:16:22 - bitcoin_governance_analysis - INFO - bip_process_analysis.py:54 - BIP Process Analysis
2026-01-18 03:16:22 - bitcoin_governance_analysis - INFO - bip_process_analysis.py:55 - ============================================================
2026-01-18 03:16:22 - bitcoin_governance_analysis - WARNING - bip_process_analysis.py:149 - Core PRs file not found: /home/acolyte/src/BitcoinCommons/commons-research/publication-package/data/github/prs_raw.jsonl
2026-01-18 03:16:22 - bitcoin_governance_analysis - INFO - bip_process_analysis.py:63 - Loaded 189 BIPs, 1857 BIP PRs, 1847 BIP issues
2026-01-18 03:16:22 - bitcoin_governance_analysis - INFO - bip_process_analysis.py:189 - Analyzing BIP proposers...
2026-01-18 03:16:22 - bitcoin_governance_analysis - INFO - bip_process_analysis.py:252 - Analyzing BIP champions...
2026-01-18 03:16:22 - bitcoin_governance_analysis - INFO - bip_process_analysis.py:294 - Analyzing BIP opposition...
2026-01-18 03:16:22 - bitcoin_governance_analysis - INFO - bip_process_analysis.py:319 - Analyzing BIP-to-Core implementation pipeline...
2026-01-18 03:16:22 - bitcoin_governance_analysis - INFO - bip_process_analysis.py:354 - Comparing BIP repository vs Core repository...
2026-01-18 03:16:22 - bitcoin_governance_analysis - INFO - bip_process_analysis.py:436 - Results saved to /home/acolyte/src/BitcoinCommons/commons-research/publication-package/analysis/findings/data/bip_analysis.json
2026-01-18 03:16:22 - bitcoin_governance_analysis - INFO - bip_process_analysis.py:95 - BIP process analysis complete
2026-01-18 03:16:22 - bitcoin_governance_analysis - INFO - release_signing_analysis.py:43 - ============================================================
2026-01-18 03:16:22 - bitcoin_governance_analysis - INFO - release_signing_analysis.py:44 - Release Signing Analysis
2026-01-18 03:16:22 - bitcoin_governance_analysis - INFO - release_signing_analysis.py:45 - ============================================================
2026-01-18 03:16:22 - bitcoin_governance_analysis - INFO - release_signing_analysis.py:97 - Loaded 339 release records
2026-01-18 03:16:22 - bitcoin_governance_analysis - INFO - release_signing_analysis.py:370 - Results saved to /home/acolyte/src/BitcoinCommons/commons-research/publication-package/analysis/findings/data/release_signing.json
2026-01-18 03:16:22 - bitcoin_governance_analysis - INFO - release_signing_analysis.py:379 - Release Signing Analysis Summary:
2026-01-18 03:16:22 - bitcoin_governance_analysis - INFO - release_signing_analysis.py:380 -   Total releases: 339
2026-01-18 03:16:22 - bitcoin_governance_analysis - INFO - release_signing_analysis.py:381 -   Signed releases: 286 (84.4%)
2026-01-18 03:16:22 - bitcoin_governance_analysis - INFO - release_signing_analysis.py:382 -   Unique signers: 9
2026-01-18 03:16:22 - bitcoin_governance_analysis - INFO - release_signing_analysis.py:383 -   Gini coefficient: 0.545
2026-01-18 03:16:22 - bitcoin_governance_analysis - INFO - release_signing_analysis.py:384 -   Top 5 signers share: 92.0%
2026-01-18 03:16:22 - bitcoin_governance_analysis - INFO - release_signing_analysis.py:80 - Release signing analysis complete
2026-01-18 03:27:13 - bitcoin_governance_analysis - INFO - comprehensive_contributor_analysis.py:130 - ======================================================================
2026-01-18 03:27:13 - bitcoin_governance_analysis - INFO - comprehensive_contributor_analysis.py:131 - Comprehensive Contributor Analysis
2026-01-18 03:27:13 - bitcoin_governance_analysis - INFO - comprehensive_contributor_analysis.py:132 - ======================================================================
2026-01-18 03:27:13 - bitcoin_governance_analysis - INFO - comprehensive_contributor_analysis.py:174 - Loading PR data...
2026-01-18 03:27:14 - bitcoin_governance_analysis - INFO - comprehensive_contributor_analysis.py:215 - Loaded 23,615 PRs
2026-01-18 03:27:14 - bitcoin_governance_analysis - INFO - comprehensive_contributor_analysis.py:227 - Loading issues data...
2026-01-18 03:27:15 - bitcoin_governance_analysis - INFO - comprehensive_contributor_analysis.py:256 - Loaded 8,936 issues
2026-01-18 03:27:15 - bitcoin_governance_analysis - INFO - comprehensive_contributor_analysis.py:138 - Total unique contributors: 7,604
2026-01-18 03:27:15 - bitcoin_governance_analysis - INFO - comprehensive_contributor_analysis.py:571 - Results saved to /home/acolyte/src/BitcoinCommons/commons-research/publication-package/analysis/findings/data/comprehensive_contributor_analysis.json
2026-01-18 03:27:15 - bitcoin_governance_analysis - INFO - comprehensive_contributor_analysis.py:162 - Comprehensive contributor analysis complete
2026-01-18 03:32:57 - bitcoin_governance_analysis - INFO - contributor_analysis.py:108 - ======================================================================
2026-01-18 03:32:57 - bitcoin_governance_analysis - INFO - contributor_analysis.py:109 - Contributor Analysis (Consolidated)
2026-01-18 03:32:57 - bitcoin_governance_analysis - INFO - contributor_analysis.py:110 - ======================================================================
2026-01-18 03:32:57 - bitcoin_governance_analysis - INFO - contributor_analysis.py:135 - Loading PRs...
2026-01-18 03:32:59 - bitcoin_governance_analysis - INFO - contributor_analysis.py:172 - Loaded 23,615 PRs
2026-01-18 03:32:59 - bitcoin_governance_analysis - INFO - contributor_analysis.py:184 - Loading issues...
2026-01-18 03:32:59 - bitcoin_governance_analysis - INFO - contributor_analysis.py:211 - Loaded 8,936 issues
2026-01-18 03:32:59 - bitcoin_governance_analysis - INFO - contributor_analysis.py:351 - Saved to /home/acolyte/src/BitcoinCommons/commons-research/publication-package/analysis/findings/data/contributor_analysis.json
2026-01-18 03:47:11 - bitcoin_governance_analysis - INFO - informal_sentiment_analysis.py:71 - ============================================================
2026-01-18 03:47:11 - bitcoin_governance_analysis - INFO - informal_sentiment_analysis.py:72 - IRC/Email Sentiment Analysis
2026-01-18 03:47:11 - bitcoin_governance_analysis - INFO - informal_sentiment_analysis.py:73 - ============================================================
2026-01-18 03:47:11 - bitcoin_governance_analysis - INFO - informal_sentiment_analysis.py:135 - Loaded 50000 IRC messages...
2026-01-18 03:47:12 - bitcoin_governance_analysis - INFO - informal_sentiment_analysis.py:135 - Loaded 100000 IRC messages...
2026-01-18 03:47:12 - bitcoin_governance_analysis - INFO - informal_sentiment_analysis.py:135 - Loaded 150000 IRC messages...
2026-01-18 03:47:12 - bitcoin_governance_analysis - INFO - informal_sentiment_analysis.py:135 - Loaded 200000 IRC messages...
2026-01-18 03:47:12 - bitcoin_governance_analysis - INFO - informal_sentiment_analysis.py:135 - Loaded 250000 IRC messages...
2026-01-18 03:47:12 - bitcoin_governance_analysis - INFO - informal_sentiment_analysis.py:135 - Loaded 300000 IRC messages...
2026-01-18 03:47:12 - bitcoin_governance_analysis - INFO - informal_sentiment_analysis.py:135 - Loaded 350000 IRC messages...
2026-01-18 03:47:12 - bitcoin_governance_analysis - INFO - informal_sentiment_analysis.py:135 - Loaded 400000 IRC messages...
2026-01-18 03:47:13 - bitcoin_governance_analysis - INFO - informal_sentiment_analysis.py:165 - Loaded 5000 emails...
2026-01-18 03:47:13 - bitcoin_governance_analysis - INFO - informal_sentiment_analysis.py:165 - Loaded 10000 emails...
2026-01-18 03:47:13 - bitcoin_governance_analysis - INFO - informal_sentiment_analysis.py:165 - Loaded 15000 emails...
2026-01-18 03:47:13 - bitcoin_governance_analysis - WARNING - informal_sentiment_analysis.py:181 - Core PRs file not found: /home/acolyte/src/BitcoinCommons/commons-research/publication-package/data/github/prs_raw.jsonl
2026-01-18 03:47:13 - bitcoin_governance_analysis - INFO - informal_sentiment_analysis.py:80 - Loaded 441931 IRC messages, 19908 emails
2026-01-18 03:47:13 - bitcoin_governance_analysis - INFO - informal_sentiment_analysis.py:200 - Analyzing irc sentiment...
2026-01-18 03:47:15 - bitcoin_governance_analysis - INFO - informal_sentiment_analysis.py:200 - Analyzing email sentiment...
2026-01-18 03:47:16 - bitcoin_governance_analysis - INFO - informal_sentiment_analysis.py:269 - Analyzing irc SOM...
2026-01-18 03:47:18 - bitcoin_governance_analysis - INFO - informal_sentiment_analysis.py:269 - Analyzing email SOM...
2026-01-18 03:47:20 - bitcoin_governance_analysis - INFO - informal_sentiment_analysis.py:321 - Analyzing irc influence network...
2026-01-18 03:47:20 - bitcoin_governance_analysis - INFO - informal_sentiment_analysis.py:321 - Analyzing email influence network...
2026-01-18 03:47:20 - bitcoin_governance_analysis - INFO - informal_sentiment_analysis.py:383 - Analyzing PR correlation...
2026-01-18 03:47:22 - bitcoin_governance_analysis - INFO - informal_sentiment_analysis.py:528 - Results saved to /home/acolyte/src/BitcoinCommons/commons-research/publication-package/analysis/findings/data/informal_sentiment.json
2026-01-18 03:47:22 - bitcoin_governance_analysis - INFO - informal_sentiment_analysis.py:114 - Informal sentiment analysis complete
2026-01-18 03:47:33 - bitcoin_governance_analysis - INFO - informal_sentiment_analysis.py:71 - ============================================================
2026-01-18 03:47:33 - bitcoin_governance_analysis - INFO - informal_sentiment_analysis.py:72 - IRC/Email Sentiment Analysis
2026-01-18 03:47:33 - bitcoin_governance_analysis - INFO - informal_sentiment_analysis.py:73 - ============================================================
2026-01-18 03:47:33 - bitcoin_governance_analysis - INFO - informal_sentiment_analysis.py:135 - Loaded 50000 IRC messages...
2026-01-18 03:47:33 - bitcoin_governance_analysis - INFO - informal_sentiment_analysis.py:135 - Loaded 100000 IRC messages...
2026-01-18 03:47:33 - bitcoin_governance_analysis - INFO - informal_sentiment_analysis.py:135 - Loaded 150000 IRC messages...
2026-01-18 03:47:34 - bitcoin_governance_analysis - INFO - informal_sentiment_analysis.py:135 - Loaded 200000 IRC messages...
2026-01-18 03:47:34 - bitcoin_governance_analysis - INFO - informal_sentiment_analysis.py:135 - Loaded 250000 IRC messages...
2026-01-18 03:47:34 - bitcoin_governance_analysis - INFO - informal_sentiment_analysis.py:135 - Loaded 300000 IRC messages...
2026-01-18 03:47:34 - bitcoin_governance_analysis - INFO - informal_sentiment_analysis.py:135 - Loaded 350000 IRC messages...
2026-01-18 03:47:34 - bitcoin_governance_analysis - INFO - informal_sentiment_analysis.py:135 - Loaded 400000 IRC messages...
2026-01-18 03:47:34 - bitcoin_governance_analysis - INFO - informal_sentiment_analysis.py:165 - Loaded 5000 emails...
2026-01-18 03:47:34 - bitcoin_governance_analysis - INFO - informal_sentiment_analysis.py:165 - Loaded 10000 emails...
2026-01-18 03:47:34 - bitcoin_governance_analysis - INFO - informal_sentiment_analysis.py:165 - Loaded 15000 emails...
2026-01-18 03:47:36 - bitcoin_governance_analysis - INFO - informal_sentiment_analysis.py:80 - Loaded 441931 IRC messages, 19908 emails
2026-01-18 03:47:36 - bitcoin_governance_analysis - INFO - informal_sentiment_analysis.py:200 - Analyzing irc sentiment...
2026-01-18 03:47:38 - bitcoin_governance_analysis - INFO - informal_sentiment_analysis.py:200 - Analyzing email sentiment...
2026-01-18 03:47:39 - bitcoin_governance_analysis - INFO - informal_sentiment_analysis.py:269 - Analyzing irc SOM...
2026-01-18 03:47:42 - bitcoin_governance_analysis - INFO - informal_sentiment_analysis.py:269 - Analyzing email SOM...
2026-01-18 03:47:43 - bitcoin_governance_analysis - INFO - informal_sentiment_analysis.py:321 - Analyzing irc influence network...
2026-01-18 03:47:43 - bitcoin_governance_analysis - INFO - informal_sentiment_analysis.py:321 - Analyzing email influence network...
2026-01-18 03:47:43 - bitcoin_governance_analysis - INFO - informal_sentiment_analysis.py:383 - Analyzing PR correlation...
2026-01-18 03:47:46 - bitcoin_governance_analysis - INFO - informal_sentiment_analysis.py:528 - Results saved to /home/acolyte/src/BitcoinCommons/commons-research/publication-package/analysis/findings/data/informal_sentiment.json
2026-01-18 03:47:46 - bitcoin_governance_analysis - INFO - informal_sentiment_analysis.py:114 - Informal sentiment analysis complete
2026-01-18 03:48:18 - bitcoin_governance_analysis - INFO - cross_platform_networks.py:69 - ============================================================
2026-01-18 03:48:18 - bitcoin_governance_analysis - INFO - cross_platform_networks.py:70 - Cross-Platform Influence Networks Analysis
2026-01-18 03:48:18 - bitcoin_governance_analysis - INFO - cross_platform_networks.py:71 - ============================================================
2026-01-18 03:48:20 - bitcoin_governance_analysis - INFO - cross_platform_networks.py:78 - Loaded 23615 GitHub PRs, 441931 IRC messages, 19908 emails
2026-01-18 03:48:20 - bitcoin_governance_analysis - INFO - cross_platform_networks.py:179 - Building GitHub network...
2026-01-18 03:48:20 - bitcoin_governance_analysis - INFO - cross_platform_networks.py:202 - Building IRC network...
2026-01-18 03:48:21 - bitcoin_governance_analysis - INFO - cross_platform_networks.py:222 - Building email network...
2026-01-18 03:48:21 - bitcoin_governance_analysis - INFO - cross_platform_networks.py:247 - Resolving identities across platforms...
2026-01-18 03:48:21 - bitcoin_governance_analysis - INFO - cross_platform_networks.py:304 - Building cross-platform network...
2026-01-18 03:48:21 - bitcoin_governance_analysis - INFO - cross_platform_networks.py:325 - Analyzing influence flow...
2026-01-18 03:48:23 - bitcoin_governance_analysis - INFO - cross_platform_networks.py:401 - Identifying hidden influencers...
2026-01-18 03:48:23 - bitcoin_governance_analysis - INFO - cross_platform_networks.py:479 - Results saved to /home/acolyte/src/BitcoinCommons/commons-research/publication-package/analysis/findings/data/cross_platform_networks.json
2026-01-18 03:48:23 - bitcoin_governance_analysis - INFO - cross_platform_networks.py:118 - Cross-platform network analysis complete
2026-01-18 03:49:02 - bitcoin_governance_analysis - INFO - cross_platform_networks.py:69 - ============================================================
2026-01-18 03:49:02 - bitcoin_governance_analysis - INFO - cross_platform_networks.py:70 - Cross-Platform Influence Networks Analysis
2026-01-18 03:49:02 - bitcoin_governance_analysis - INFO - cross_platform_networks.py:71 - ============================================================
2026-01-18 03:49:05 - bitcoin_governance_analysis - INFO - cross_platform_networks.py:78 - Loaded 23615 GitHub PRs, 441931 IRC messages, 19908 emails
2026-01-18 03:49:05 - bitcoin_governance_analysis - INFO - cross_platform_networks.py:179 - Building GitHub network...
2026-01-18 03:49:05 - bitcoin_governance_analysis - INFO - cross_platform_networks.py:213 - Building IRC network...
2026-01-18 03:49:05 - bitcoin_governance_analysis - INFO - cross_platform_networks.py:233 - Building email network...
2026-01-18 03:49:05 - bitcoin_governance_analysis - INFO - cross_platform_networks.py:262 - Resolving identities across platforms...
2026-01-18 03:49:05 - bitcoin_governance_analysis - INFO - cross_platform_networks.py:319 - Building cross-platform network...
2026-01-18 03:49:05 - bitcoin_governance_analysis - INFO - cross_platform_networks.py:340 - Analyzing influence flow...
2026-01-18 03:49:08 - bitcoin_governance_analysis - INFO - cross_platform_networks.py:416 - Identifying hidden influencers...
2026-01-18 03:49:08 - bitcoin_governance_analysis - INFO - cross_platform_networks.py:494 - Results saved to /home/acolyte/src/BitcoinCommons/commons-research/publication-package/analysis/findings/data/cross_platform_networks.json
2026-01-18 03:49:08 - bitcoin_governance_analysis - INFO - cross_platform_networks.py:118 - Cross-platform network analysis complete
2026-01-18 03:53:30 - bitcoin_governance_analysis - INFO - identity_resolution_enhanced.py:182 - ============================================================
2026-01-18 03:53:30 - bitcoin_governance_analysis - INFO - identity_resolution_enhanced.py:183 - Enhanced Identity Resolution
2026-01-18 03:53:30 - bitcoin_governance_analysis - INFO - identity_resolution_enhanced.py:184 - ============================================================
2026-01-18 03:53:33 - bitcoin_governance_analysis - INFO - identity_resolution_enhanced.py:191 - Loaded 23615 PRs, 441931 IRC, 19908 emails
2026-01-18 03:53:33 - bitcoin_governance_analysis - INFO - identity_resolution_enhanced.py:273 - Resolving manual aliases...
2026-01-18 03:53:33 - bitcoin_governance_analysis - INFO - identity_resolution_enhanced.py:338 - Resolving PR mentions...
2026-01-18 03:53:34 - bitcoin_governance_analysis - INFO - identity_resolution_enhanced.py:411 - Calculating improved overlap...
2026-01-18 03:53:34 - bitcoin_governance_analysis - INFO - identity_resolution_enhanced.py:490 - Saved to /home/acolyte/src/BitcoinCommons/commons-research/publication-package/analysis/findings/data/enhanced_identity_resolution.json
2026-01-18 03:54:37 - bitcoin_governance_analysis - INFO - identity_resolution_enhanced.py:182 - ============================================================
2026-01-18 03:54:37 - bitcoin_governance_analysis - INFO - identity_resolution_enhanced.py:183 - Enhanced Identity Resolution
2026-01-18 03:54:37 - bitcoin_governance_analysis - INFO - identity_resolution_enhanced.py:184 - ============================================================
2026-01-18 03:54:40 - bitcoin_governance_analysis - INFO - identity_resolution_enhanced.py:191 - Loaded 23615 PRs, 441931 IRC, 19908 emails
2026-01-18 03:54:40 - bitcoin_governance_analysis - INFO - identity_resolution_enhanced.py:273 - Resolving manual aliases...
2026-01-18 03:54:41 - bitcoin_governance_analysis - INFO - identity_resolution_enhanced.py:370 - Resolving PR mentions...
2026-01-18 03:54:41 - bitcoin_governance_analysis - INFO - identity_resolution_enhanced.py:443 - Calculating improved overlap...
2026-01-18 03:54:41 - bitcoin_governance_analysis - INFO - identity_resolution_enhanced.py:522 - Saved to /home/acolyte/src/BitcoinCommons/commons-research/publication-package/analysis/findings/data/enhanced_identity_resolution.json
2026-01-18 13:13:44 - bitcoin_governance_analysis - INFO - funding_analysis_consolidated.py:77 - ======================================================================
2026-01-18 13:13:44 - bitcoin_governance_analysis - INFO - funding_analysis_consolidated.py:78 - Funding Analysis (Consolidated)
2026-01-18 13:13:44 - bitcoin_governance_analysis - INFO - funding_analysis_consolidated.py:79 - ======================================================================
2026-01-18 13:13:47 - bitcoin_governance_analysis - INFO - funding_analysis_consolidated.py:193 - Analyzing 23,615 PRs for funding mentions...
2026-01-18 13:14:04 - bitcoin_governance_analysis - INFO - funding_analysis_consolidated.py:238 - Analyzing 8,936 issues for funding mentions...
2026-01-18 13:14:07 - bitcoin_governance_analysis - INFO - funding_analysis_consolidated.py:266 - Analyzing 19,908 emails for funding mentions...
2026-01-18 13:14:15 - bitcoin_governance_analysis - INFO - funding_analysis_consolidated.py:298 - Analyzing temporal funding patterns...
2026-01-18 13:14:18 - bitcoin_governance_analysis - INFO - funding_analysis_consolidated.py:341 - Analyzing funding correlation with outcomes...
2026-01-18 13:14:20 - bitcoin_governance_analysis - INFO - funding_analysis_consolidated.py:382 - Analyzing maintainer vs non-maintainer funding mentions...
2026-01-18 13:14:23 - bitcoin_governance_analysis - INFO - funding_analysis_consolidated.py:443 - Results saved to /home/acolyte/src/BitcoinCommons/commons-research/publication-package/analysis/findings/data/funding_analysis.json
2026-01-18 13:14:23 - bitcoin_governance_analysis - INFO - funding_analysis_consolidated.py:114 - Funding analysis complete
2026-01-18 13:16:29 - bitcoin_governance_analysis - INFO - cross_platform_networks.py:69 - ============================================================
2026-01-18 13:16:29 - bitcoin_governance_analysis - INFO - cross_platform_networks.py:70 - Cross-Platform Influence Networks Analysis
2026-01-18 13:16:29 - bitcoin_governance_analysis - INFO - cross_platform_networks.py:71 - ============================================================
2026-01-18 13:16:32 - bitcoin_governance_analysis - INFO - cross_platform_networks.py:78 - Loaded 23615 GitHub PRs, 441931 IRC messages, 19908 emails
2026-01-18 13:16:32 - bitcoin_governance_analysis - INFO - cross_platform_networks.py:183 - Building GitHub network...
2026-01-18 13:16:32 - bitcoin_governance_analysis - INFO - cross_platform_networks.py:217 - Building IRC network...
2026-01-18 13:16:33 - bitcoin_governance_analysis - INFO - cross_platform_networks.py:237 - Building email network...
2026-01-18 13:16:33 - bitcoin_governance_analysis - INFO - cross_platform_networks.py:266 - Resolving identities across platforms...
2026-01-18 13:16:33 - bitcoin_governance_analysis - INFO - cross_platform_networks.py:323 - Building cross-platform network...
2026-01-18 13:16:33 - bitcoin_governance_analysis - INFO - cross_platform_networks.py:344 - Analyzing influence flow...
2026-01-18 13:16:35 - bitcoin_governance_analysis - INFO - cross_platform_networks.py:420 - Identifying hidden influencers...
2026-01-18 13:16:35 - bitcoin_governance_analysis - INFO - cross_platform_networks.py:462 - Analyzing homophily patterns...
2026-01-18 13:16:35 - bitcoin_governance_analysis - INFO - cross_platform_networks.py:586 - Results saved to /home/acolyte/src/BitcoinCommons/commons-research/publication-package/analysis/findings/data/cross_platform_networks.json
2026-01-18 13:16:35 - bitcoin_governance_analysis - INFO - cross_platform_networks.py:122 - Cross-platform network analysis complete
2026-01-18 13:24:25 - bitcoin_governance_analysis - INFO - contributor_analysis.py:108 - ======================================================================
2026-01-18 13:24:25 - bitcoin_governance_analysis - INFO - contributor_analysis.py:109 - Contributor Analysis (Consolidated)
2026-01-18 13:24:25 - bitcoin_governance_analysis - INFO - contributor_analysis.py:110 - ======================================================================
2026-01-18 13:24:25 - bitcoin_governance_analysis - INFO - contributor_analysis.py:135 - Loading PRs...
2026-01-18 13:24:26 - bitcoin_governance_analysis - INFO - contributor_analysis.py:172 - Loaded 23,615 PRs
2026-01-18 13:24:26 - bitcoin_governance_analysis - INFO - contributor_analysis.py:184 - Loading issues...
2026-01-18 13:24:27 - bitcoin_governance_analysis - INFO - contributor_analysis.py:211 - Loaded 8,936 issues
2026-01-18 13:24:27 - bitcoin_governance_analysis - INFO - contributor_analysis.py:351 - Saved to /home/acolyte/src/BitcoinCommons/commons-research/publication-package/analysis/findings/data/contributor_analysis.json
2026-01-18 13:24:27 - bitcoin_governance_analysis - INFO - bcap_state_of_mind.py:77 - ============================================================
2026-01-18 13:24:27 - bitcoin_governance_analysis - INFO - bcap_state_of_mind.py:78 - BCAP State of Mind Analysis
2026-01-18 13:24:27 - bitcoin_governance_analysis - INFO - bcap_state_of_mind.py:79 - ============================================================
2026-01-18 13:24:28 - bitcoin_governance_analysis - INFO - bcap_state_of_mind.py:520 - Loaded 23615 PRs from /home/acolyte/src/BitcoinCommons/commons-research/data/github/prs_raw.jsonl
2026-01-18 13:24:28 - bitcoin_governance_analysis - INFO - bcap_state_of_mind.py:536 - Loaded 8890 issues
2026-01-18 13:24:29 - bitcoin_governance_analysis - INFO - bcap_state_of_mind.py:89 - Identified 124 SegWit PRs and 36 SegWit issues
2026-01-18 13:24:29 - bitcoin_governance_analysis - INFO - bcap_state_of_mind.py:90 - Identified 62 Taproot PRs and 17 Taproot issues
2026-01-18 13:24:29 - bitcoin_governance_analysis - INFO - bcap_state_of_mind.py:197 - Analyzing SOM for segwit...
2026-01-18 13:24:29 - bitcoin_governance_analysis - INFO - bcap_state_of_mind.py:197 - Analyzing SOM for taproot...
2026-01-18 13:24:29 - bitcoin_governance_analysis - INFO - bcap_state_of_mind.py:396 - Tracking SOM shifts...
2026-01-18 13:24:29 - bitcoin_governance_analysis - INFO - bcap_state_of_mind.py:546 - Saved results to /home/acolyte/src/BitcoinCommons/commons-research/publication-package/analysis/findings/data/bcap_som_analysis.json
2026-01-18 13:24:29 - bitcoin_governance_analysis - INFO - bcap_state_of_mind.py:115 - SOM analysis complete
2026-01-18 13:24:29 - bitcoin_governance_analysis - INFO - bcap_power_shift.py:84 - ============================================================
2026-01-18 13:24:29 - bitcoin_governance_analysis - INFO - bcap_power_shift.py:85 - BCAP Power Shift Analysis
2026-01-18 13:24:29 - bitcoin_governance_analysis - INFO - bcap_power_shift.py:86 - ============================================================
2026-01-18 13:24:30 - bitcoin_governance_analysis - INFO - bcap_power_shift.py:404 - Loaded 23615 PRs from /home/acolyte/src/BitcoinCommons/commons-research/data/github/prs_raw.jsonl
2026-01-18 13:24:30 - bitcoin_governance_analysis - INFO - bcap_power_shift.py:122 - Analyzing power shifts for segwit...
2026-01-18 13:24:30 - bitcoin_governance_analysis - INFO - bcap_power_shift.py:122 - Analyzing power shifts for taproot...
2026-01-18 13:24:30 - bitcoin_governance_analysis - INFO - bcap_power_shift.py:296 - Comparing with baseline periods...
2026-01-18 13:24:31 - bitcoin_governance_analysis - INFO - bcap_power_shift.py:414 - Saved results to /home/acolyte/src/BitcoinCommons/commons-research/publication-package/analysis/findings/data/bcap_power_shift.json
2026-01-18 13:24:31 - bitcoin_governance_analysis - INFO - bcap_power_shift.py:114 - Power shift analysis complete
2026-01-18 13:24:31 - bitcoin_governance_analysis - INFO - bip_process_analysis.py:53 - ============================================================
2026-01-18 13:24:31 - bitcoin_governance_analysis - INFO - bip_process_analysis.py:54 - BIP Process Analysis
2026-01-18 13:24:31 - bitcoin_governance_analysis - INFO - bip_process_analysis.py:55 - ============================================================
2026-01-18 13:24:31 - bitcoin_governance_analysis - WARNING - bip_process_analysis.py:149 - Core PRs file not found: /home/acolyte/src/BitcoinCommons/commons-research/publication-package/data/github/prs_raw.jsonl
2026-01-18 13:24:31 - bitcoin_governance_analysis - INFO - bip_process_analysis.py:63 - Loaded 189 BIPs, 1857 BIP PRs, 1847 BIP issues
2026-01-18 13:24:31 - bitcoin_governance_analysis - INFO - bip_process_analysis.py:189 - Analyzing BIP proposers...
2026-01-18 13:24:31 - bitcoin_governance_analysis - INFO - bip_process_analysis.py:252 - Analyzing BIP champions...
2026-01-18 13:24:31 - bitcoin_governance_analysis - INFO - bip_process_analysis.py:294 - Analyzing BIP opposition...
2026-01-18 13:24:31 - bitcoin_governance_analysis - INFO - bip_process_analysis.py:319 - Analyzing BIP-to-Core implementation pipeline...
2026-01-18 13:24:31 - bitcoin_governance_analysis - INFO - bip_process_analysis.py:354 - Comparing BIP repository vs Core repository...
2026-01-18 13:24:31 - bitcoin_governance_analysis - INFO - bip_process_analysis.py:436 - Results saved to /home/acolyte/src/BitcoinCommons/commons-research/publication-package/analysis/findings/data/bip_analysis.json
2026-01-18 13:24:31 - bitcoin_governance_analysis - INFO - bip_process_analysis.py:95 - BIP process analysis complete
2026-01-18 13:24:31 - bitcoin_governance_analysis - INFO - cross_platform_networks.py:69 - ============================================================
2026-01-18 13:24:31 - bitcoin_governance_analysis - INFO - cross_platform_networks.py:70 - Cross-Platform Influence Networks Analysis
2026-01-18 13:24:31 - bitcoin_governance_analysis - INFO - cross_platform_networks.py:71 - ============================================================
2026-01-18 13:24:34 - bitcoin_governance_analysis - INFO - cross_platform_networks.py:78 - Loaded 23615 GitHub PRs, 441931 IRC messages, 19908 emails
2026-01-18 13:24:34 - bitcoin_governance_analysis - INFO - cross_platform_networks.py:183 - Building GitHub network...
2026-01-18 13:24:34 - bitcoin_governance_analysis - INFO - cross_platform_networks.py:217 - Building IRC network...
2026-01-18 13:24:34 - bitcoin_governance_analysis - INFO - cross_platform_networks.py:237 - Building email network...
2026-01-18 13:24:34 - bitcoin_governance_analysis - INFO - cross_platform_networks.py:266 - Resolving identities across platforms...
2026-01-18 13:24:34 - bitcoin_governance_analysis - INFO - cross_platform_networks.py:323 - Building cross-platform network...
2026-01-18 13:24:34 - bitcoin_governance_analysis - INFO - cross_platform_networks.py:344 - Analyzing influence flow...
2026-01-18 13:24:36 - bitcoin_governance_analysis - INFO - cross_platform_networks.py:420 - Identifying hidden influencers...
2026-01-18 13:24:36 - bitcoin_governance_analysis - INFO - cross_platform_networks.py:462 - Analyzing homophily patterns...
2026-01-18 13:24:36 - bitcoin_governance_analysis - INFO - cross_platform_networks.py:586 - Results saved to /home/acolyte/src/BitcoinCommons/commons-research/publication-package/analysis/findings/data/cross_platform_networks.json
2026-01-18 13:24:36 - bitcoin_governance_analysis - INFO - cross_platform_networks.py:122 - Cross-platform network analysis complete
2026-01-18 13:24:37 - bitcoin_governance_analysis - INFO - cross_repo_comparison.py:52 - ============================================================
2026-01-18 13:24:37 - bitcoin_governance_analysis - INFO - cross_repo_comparison.py:53 - Cross-Repository Comparison Analysis
2026-01-18 13:24:37 - bitcoin_governance_analysis - INFO - cross_repo_comparison.py:54 - ============================================================
2026-01-18 13:24:38 - bitcoin_governance_analysis - INFO - cross_repo_comparison.py:61 - Loaded 23615 Core PRs, 1857 BIP PRs, 189 BIPs
2026-01-18 13:24:38 - bitcoin_governance_analysis - INFO - cross_repo_comparison.py:150 - Analyzing actor overlap...
2026-01-18 13:24:38 - bitcoin_governance_analysis - INFO - cross_repo_comparison.py:182 - Comparing governance patterns...
2026-01-18 13:24:38 - bitcoin_governance_analysis - INFO - cross_repo_comparison.py:229 - Analyzing power portability...
2026-01-18 13:24:38 - bitcoin_governance_analysis - INFO - cross_repo_comparison.py:280 - Comparing processes...
2026-01-18 13:24:38 - bitcoin_governance_analysis - INFO - cross_repo_comparison.py:317 - Analyzing governance transfer...
2026-01-18 13:24:38 - bitcoin_governance_analysis - INFO - cross_repo_comparison.py:380 - Results saved to /home/acolyte/src/BitcoinCommons/commons-research/publication-package/analysis/findings/data/cross_repo_comparison.json
2026-01-18 13:24:38 - bitcoin_governance_analysis - INFO - cross_repo_comparison.py:93 - Cross-repository comparison analysis complete
2026-01-18 13:24:38 - bitcoin_governance_analysis - INFO - informal_sentiment_analysis.py:71 - ============================================================
2026-01-18 13:24:38 - bitcoin_governance_analysis - INFO - informal_sentiment_analysis.py:72 - IRC/Email Sentiment Analysis
2026-01-18 13:24:38 - bitcoin_governance_analysis - INFO - informal_sentiment_analysis.py:73 - ============================================================
2026-01-18 13:24:38 - bitcoin_governance_analysis - INFO - informal_sentiment_analysis.py:135 - Loaded 50000 IRC messages...
2026-01-18 13:24:39 - bitcoin_governance_analysis - INFO - informal_sentiment_analysis.py:135 - Loaded 100000 IRC messages...
2026-01-18 13:24:39 - bitcoin_governance_analysis - INFO - informal_sentiment_analysis.py:135 - Loaded 150000 IRC messages...
2026-01-18 13:24:39 - bitcoin_governance_analysis - INFO - informal_sentiment_analysis.py:135 - Loaded 200000 IRC messages...
2026-01-18 13:24:39 - bitcoin_governance_analysis - INFO - informal_sentiment_analysis.py:135 - Loaded 250000 IRC messages...
2026-01-18 13:24:39 - bitcoin_governance_analysis - INFO - informal_sentiment_analysis.py:135 - Loaded 300000 IRC messages...
2026-01-18 13:24:39 - bitcoin_governance_analysis - INFO - informal_sentiment_analysis.py:135 - Loaded 350000 IRC messages...
2026-01-18 13:24:39 - bitcoin_governance_analysis - INFO - informal_sentiment_analysis.py:135 - Loaded 400000 IRC messages...
2026-01-18 13:24:40 - bitcoin_governance_analysis - INFO - informal_sentiment_analysis.py:165 - Loaded 5000 emails...
2026-01-18 13:24:40 - bitcoin_governance_analysis - INFO - informal_sentiment_analysis.py:165 - Loaded 10000 emails...
2026-01-18 13:24:40 - bitcoin_governance_analysis - INFO - informal_sentiment_analysis.py:165 - Loaded 15000 emails...
2026-01-18 13:24:41 - bitcoin_governance_analysis - INFO - informal_sentiment_analysis.py:80 - Loaded 441931 IRC messages, 19908 emails
2026-01-18 13:24:41 - bitcoin_governance_analysis - INFO - informal_sentiment_analysis.py:200 - Analyzing irc sentiment...
2026-01-18 13:24:43 - bitcoin_governance_analysis - INFO - informal_sentiment_analysis.py:200 - Analyzing email sentiment...
2026-01-18 13:24:44 - bitcoin_governance_analysis - INFO - informal_sentiment_analysis.py:269 - Analyzing irc SOM...
2026-01-18 13:24:47 - bitcoin_governance_analysis - INFO - informal_sentiment_analysis.py:269 - Analyzing email SOM...
2026-01-18 13:24:48 - bitcoin_governance_analysis - INFO - informal_sentiment_analysis.py:321 - Analyzing irc influence network...
2026-01-18 13:24:49 - bitcoin_governance_analysis - INFO - informal_sentiment_analysis.py:321 - Analyzing email influence network...
2026-01-18 13:24:49 - bitcoin_governance_analysis - INFO - informal_sentiment_analysis.py:383 - Analyzing PR correlation...
2026-01-18 13:24:51 - bitcoin_governance_analysis - INFO - informal_sentiment_analysis.py:528 - Results saved to /home/acolyte/src/BitcoinCommons/commons-research/publication-package/analysis/findings/data/informal_sentiment.json
2026-01-18 13:24:51 - bitcoin_governance_analysis - INFO - informal_sentiment_analysis.py:114 - Informal sentiment analysis complete
2026-01-18 13:24:51 - bitcoin_governance_analysis - INFO - release_signing_analysis.py:43 - ============================================================
2026-01-18 13:24:51 - bitcoin_governance_analysis - INFO - release_signing_analysis.py:44 - Release Signing Analysis
2026-01-18 13:24:51 - bitcoin_governance_analysis - INFO - release_signing_analysis.py:45 - ============================================================
2026-01-18 13:24:51 - bitcoin_governance_analysis - INFO - release_signing_analysis.py:97 - Loaded 339 release records
2026-01-18 13:24:51 - bitcoin_governance_analysis - INFO - release_signing_analysis.py:370 - Results saved to /home/acolyte/src/BitcoinCommons/commons-research/publication-package/analysis/findings/data/release_signing.json
2026-01-18 13:24:51 - bitcoin_governance_analysis - INFO - release_signing_analysis.py:379 - Release Signing Analysis Summary:
2026-01-18 13:24:51 - bitcoin_governance_analysis - INFO - release_signing_analysis.py:380 -   Total releases: 339
2026-01-18 13:24:51 - bitcoin_governance_analysis - INFO - release_signing_analysis.py:381 -   Signed releases: 286 (84.4%)
2026-01-18 13:24:51 - bitcoin_governance_analysis - INFO - release_signing_analysis.py:382 -   Unique signers: 9
2026-01-18 13:24:51 - bitcoin_governance_analysis - INFO - release_signing_analysis.py:383 -   Gini coefficient: 0.545
2026-01-18 13:24:51 - bitcoin_governance_analysis - INFO - release_signing_analysis.py:384 -   Top 5 signers share: 92.0%
2026-01-18 13:24:51 - bitcoin_governance_analysis - INFO - release_signing_analysis.py:80 - Release signing analysis complete
2026-01-18 13:24:51 - bitcoin_governance_analysis - INFO - identity_resolution_enhanced.py:182 - ============================================================
2026-01-18 13:24:51 - bitcoin_governance_analysis - INFO - identity_resolution_enhanced.py:183 - Enhanced Identity Resolution
2026-01-18 13:24:51 - bitcoin_governance_analysis - INFO - identity_resolution_enhanced.py:184 - ============================================================
2026-01-18 13:24:54 - bitcoin_governance_analysis - INFO - identity_resolution_enhanced.py:191 - Loaded 23615 PRs, 441931 IRC, 19908 emails
2026-01-18 13:24:54 - bitcoin_governance_analysis - INFO - identity_resolution_enhanced.py:273 - Resolving manual aliases...
2026-01-18 13:24:54 - bitcoin_governance_analysis - INFO - identity_resolution_enhanced.py:370 - Resolving PR mentions...
2026-01-18 13:24:54 - bitcoin_governance_analysis - INFO - identity_resolution_enhanced.py:443 - Calculating improved overlap...
2026-01-18 13:24:54 - bitcoin_governance_analysis - INFO - identity_resolution_enhanced.py:522 - Saved to /home/acolyte/src/BitcoinCommons/commons-research/publication-package/analysis/findings/data/enhanced_identity_resolution.json
2026-01-18 13:24:55 - bitcoin_governance_analysis - INFO - funding_analysis_consolidated.py:77 - ======================================================================
2026-01-18 13:24:55 - bitcoin_governance_analysis - INFO - funding_analysis_consolidated.py:78 - Funding Analysis (Consolidated)
2026-01-18 13:24:55 - bitcoin_governance_analysis - INFO - funding_analysis_consolidated.py:79 - ======================================================================
2026-01-18 13:24:56 - bitcoin_governance_analysis - INFO - funding_analysis_consolidated.py:193 - Analyzing 23,615 PRs for funding mentions...
2026-01-18 13:25:14 - bitcoin_governance_analysis - INFO - funding_analysis_consolidated.py:238 - Analyzing 8,936 issues for funding mentions...
2026-01-18 13:25:17 - bitcoin_governance_analysis - INFO - funding_analysis_consolidated.py:266 - Analyzing 19,908 emails for funding mentions...
2026-01-18 13:25:24 - bitcoin_governance_analysis - INFO - funding_analysis_consolidated.py:298 - Analyzing temporal funding patterns...
2026-01-18 13:25:27 - bitcoin_governance_analysis - INFO - funding_analysis_consolidated.py:341 - Analyzing funding correlation with outcomes...
2026-01-18 13:25:29 - bitcoin_governance_analysis - INFO - funding_analysis_consolidated.py:382 - Analyzing maintainer vs non-maintainer funding mentions...
2026-01-18 13:25:32 - bitcoin_governance_analysis - INFO - funding_analysis_consolidated.py:443 - Results saved to /home/acolyte/src/BitcoinCommons/commons-research/publication-package/analysis/findings/data/funding_analysis.json
2026-01-18 13:25:32 - bitcoin_governance_analysis - INFO - funding_analysis_consolidated.py:114 - Funding analysis complete
